Build started 5/11/2016 12:26:27 PM.
     1>Project "D:\GitHub\clone\kt1235_Game_Programming\Homework_5\NYUCodebase\NYUCodebase\NYUCodebase.vcxproj" on node 2 (Build target(s)).
     1>ClCompile:
         D:\Microsoft Visual Studio 2013\VC\bin\CL.exe /c /IC:\SDL2\include /IC:\SDL2_image\include /IC:\glew\include /IC:\SDL2_mixer\include /ZI /nologo /W3 /WX- /sdl /Od /Oy- /D _WINDOWS /D _MBCS /D _MBCS /Gm /EHsc /RTC1 /MDd /GS /fp:precise /Zc:wchar_t /Zc:forScope /Fo"Debug\\" /Fd"Debug\vc120.pdb" /Gd /TP /analyze- /errorReport:prompt Entity.cpp main.cpp Matrix.cpp ShaderProgram.cpp
         ShaderProgram.cpp
         Matrix.cpp
     1>d:\github\clone\kt1235_game_programming\homework_5\nyucodebase\nyucodebase\matrix.cpp(213): warning C4244: 'argument' : conversion from 'double' to 'float', possible loss of data
     1>d:\github\clone\kt1235_game_programming\homework_5\nyucodebase\nyucodebase\matrix.cpp(214): warning C4244: 'argument' : conversion from 'double' to 'float', possible loss of data
         main.cpp
     1>d:\github\clone\kt1235_game_programming\homework_5\nyucodebase\nyucodebase\main.cpp(134): warning C4244: '=' : conversion from 'double' to 'float', possible loss of data
     1>d:\github\clone\kt1235_game_programming\homework_5\nyucodebase\nyucodebase\main.cpp(135): warning C4244: '=' : conversion from 'double' to 'float', possible loss of data
     1>d:\github\clone\kt1235_game_programming\homework_5\nyucodebase\nyucodebase\main.cpp(173): warning C4018: '<' : signed/unsigned mismatch
         Entity.cpp
         Generating Code...
       Link:
         D:\Microsoft Visual Studio 2013\VC\bin\link.exe /ERRORREPORT:PROMPT /OUT:"D:\GitHub\clone\kt1235_Game_Programming\Homework_5\NYUCodebase\Debug\NYUCodebase.exe" /INCREMENTAL /NOLOGO /LIBPATH:C:\SDL2_mixer\lib\x86 /LIBPATH:C:\SDL2\lib\x86 /LIBPATH:C:\SDL2_image\lib\x86 /LIBPATH:C:\glew\lib\Release\Win32 SDL2.lib SDL2_mixer.lib glew32.lib SDL2main.lib SDL2_image.lib OpenGL32.lib /MANIFEST /MANIFESTUAC:"level='asInvoker' uiAccess='false'" /manifest:embed /DEBUG /PDB:"D:\GitHub\clone\kt1235_Game_Programming\Homework_5\NYUCodebase\Debug\NYUCodebase.pdb" /SUBSYSTEM:WINDOWS /TLBID:1 /DYNAMICBASE /NXCOMPAT /IMPLIB:"D:\GitHub\clone\kt1235_Game_Programming\Homework_5\NYUCodebase\Debug\NYUCodebase.lib" /MACHINE:X86 Debug\Entity.obj
         Debug\main.obj
         Debug\Matrix.obj
         Debug\ShaderProgram.obj
         LINK : D:\GitHub\clone\kt1235_Game_Programming\Homework_5\NYUCodebase\Debug\NYUCodebase.exe not found or not built by the last incremental link; performing full link
     1>MSVCRTD.lib(cinitexe.obj) : warning LNK4098: defaultlib 'msvcrt.lib' conflicts with use of other libs; use /NODEFAULTLIB:library
         NYUCodebase.vcxproj -> D:\GitHub\clone\kt1235_Game_Programming\Homework_5\NYUCodebase\Debug\NYUCodebase.exe
     1>Done Building Project "D:\GitHub\clone\kt1235_Game_Programming\Homework_5\NYUCodebase\NYUCodebase\NYUCodebase.vcxproj" (Build target(s)).

Build succeeded.

Time Elapsed 00:00:02.29
