Build started 5/12/2016 2:06:22 PM.
     1>Project "D:\GitHub\kt1235_Game_programming\Final Project\NYUCodebase\NYUCodebase\NYUCodebase.vcxproj" on node 2 (Build target(s)).
     1>ClCompile:
         D:\Microsoft Visual Studio 2013\VC\bin\CL.exe /c /IC:\SDL2\include /IC:\SDL2_image\include /IC:\glew\include /IC:\SDL2_mixer\include /ZI /nologo /W3 /WX- /sdl /Od /Oy- /D _WINDOWS /D _MBCS /D _MBCS /Gm /EHsc /RTC1 /MDd /GS /fp:precise /Zc:wchar_t /Zc:forScope /Fo"Debug\\" /Fd"Debug\vc120.pdb" /Gd /TP /analyze- /errorReport:prompt Entity.cpp main.cpp Matrix.cpp ShaderProgram.cpp SheetSprite.cpp Vector.cpp
         Vector.cpp
         SheetSprite.cpp
         ShaderProgram.cpp
         Matrix.cpp
         main.cpp
     1>d:\github\kt1235_game_programming\final project\nyucodebase\nyucodebase\main.cpp(363): warning C4018: '<' : signed/unsigned mismatch
     1>d:\github\kt1235_game_programming\final project\nyucodebase\nyucodebase\main.cpp(437): warning C4018: '<' : signed/unsigned mismatch
     1>d:\github\kt1235_game_programming\final project\nyucodebase\nyucodebase\main.cpp(512): warning C4018: '<' : signed/unsigned mismatch
     1>d:\github\kt1235_game_programming\final project\nyucodebase\nyucodebase\main.cpp(678): warning C4244: 'initializing' : conversion from 'double' to 'float', possible loss of data
     1>d:\github\kt1235_game_programming\final project\nyucodebase\nyucodebase\main.cpp(763): warning C4258: 'i' : definition from the for loop is ignored; the definition from the enclosing scope is used
                 d:\github\kt1235_game_programming\final project\nyucodebase\nyucodebase\main.cpp(742) : definition of 'i' ignored
                 d:\github\kt1235_game_programming\final project\nyucodebase\nyucodebase\main.cpp(597) : definition of 'i' used
     1>d:\github\kt1235_game_programming\final project\nyucodebase\nyucodebase\main.cpp(764): warning C4258: 'i' : definition from the for loop is ignored; the definition from the enclosing scope is used
                 d:\github\kt1235_game_programming\final project\nyucodebase\nyucodebase\main.cpp(742) : definition of 'i' ignored
                 d:\github\kt1235_game_programming\final project\nyucodebase\nyucodebase\main.cpp(597) : definition of 'i' used
     1>d:\github\kt1235_game_programming\final project\nyucodebase\nyucodebase\main.cpp(766): warning C4258: 'i' : definition from the for loop is ignored; the definition from the enclosing scope is used
                 d:\github\kt1235_game_programming\final project\nyucodebase\nyucodebase\main.cpp(742) : definition of 'i' ignored
                 d:\github\kt1235_game_programming\final project\nyucodebase\nyucodebase\main.cpp(597) : definition of 'i' used
     1>d:\github\kt1235_game_programming\final project\nyucodebase\nyucodebase\main.cpp(767): warning C4258: 'i' : definition from the for loop is ignored; the definition from the enclosing scope is used
                 d:\github\kt1235_game_programming\final project\nyucodebase\nyucodebase\main.cpp(742) : definition of 'i' ignored
                 d:\github\kt1235_game_programming\final project\nyucodebase\nyucodebase\main.cpp(597) : definition of 'i' used
     1>d:\github\kt1235_game_programming\final project\nyucodebase\nyucodebase\main.cpp(768): warning C4258: 'i' : definition from the for loop is ignored; the definition from the enclosing scope is used
                 d:\github\kt1235_game_programming\final project\nyucodebase\nyucodebase\main.cpp(742) : definition of 'i' ignored
                 d:\github\kt1235_game_programming\final project\nyucodebase\nyucodebase\main.cpp(597) : definition of 'i' used
     1>d:\github\kt1235_game_programming\final project\nyucodebase\nyucodebase\main.cpp(771): warning C4258: 'i' : definition from the for loop is ignored; the definition from the enclosing scope is used
                 d:\github\kt1235_game_programming\final project\nyucodebase\nyucodebase\main.cpp(742) : definition of 'i' ignored
                 d:\github\kt1235_game_programming\final project\nyucodebase\nyucodebase\main.cpp(597) : definition of 'i' used
     1>d:\github\kt1235_game_programming\final project\nyucodebase\nyucodebase\main.cpp(773): warning C4258: 'i' : definition from the for loop is ignored; the definition from the enclosing scope is used
                 d:\github\kt1235_game_programming\final project\nyucodebase\nyucodebase\main.cpp(742) : definition of 'i' ignored
                 d:\github\kt1235_game_programming\final project\nyucodebase\nyucodebase\main.cpp(597) : definition of 'i' used
     1>d:\github\kt1235_game_programming\final project\nyucodebase\nyucodebase\main.cpp(774): warning C4258: 'i' : definition from the for loop is ignored; the definition from the enclosing scope is used
                 d:\github\kt1235_game_programming\final project\nyucodebase\nyucodebase\main.cpp(742) : definition of 'i' ignored
                 d:\github\kt1235_game_programming\final project\nyucodebase\nyucodebase\main.cpp(597) : definition of 'i' used
     1>d:\github\kt1235_game_programming\final project\nyucodebase\nyucodebase\main.cpp(775): warning C4258: 'i' : definition from the for loop is ignored; the definition from the enclosing scope is used
                 d:\github\kt1235_game_programming\final project\nyucodebase\nyucodebase\main.cpp(742) : definition of 'i' ignored
                 d:\github\kt1235_game_programming\final project\nyucodebase\nyucodebase\main.cpp(597) : definition of 'i' used
     1>d:\github\kt1235_game_programming\final project\nyucodebase\nyucodebase\main.cpp(779): warning C4258: 'i' : definition from the for loop is ignored; the definition from the enclosing scope is used
                 d:\github\kt1235_game_programming\final project\nyucodebase\nyucodebase\main.cpp(742) : definition of 'i' ignored
                 d:\github\kt1235_game_programming\final project\nyucodebase\nyucodebase\main.cpp(597) : definition of 'i' used
     1>d:\github\kt1235_game_programming\final project\nyucodebase\nyucodebase\main.cpp(780): warning C4258: 'i' : definition from the for loop is ignored; the definition from the enclosing scope is used
                 d:\github\kt1235_game_programming\final project\nyucodebase\nyucodebase\main.cpp(742) : definition of 'i' ignored
                 d:\github\kt1235_game_programming\final project\nyucodebase\nyucodebase\main.cpp(597) : definition of 'i' used
     1>d:\github\kt1235_game_programming\final project\nyucodebase\nyucodebase\main.cpp(782): warning C4258: 'i' : definition from the for loop is ignored; the definition from the enclosing scope is used
                 d:\github\kt1235_game_programming\final project\nyucodebase\nyucodebase\main.cpp(742) : definition of 'i' ignored
                 d:\github\kt1235_game_programming\final project\nyucodebase\nyucodebase\main.cpp(597) : definition of 'i' used
     1>d:\github\kt1235_game_programming\final project\nyucodebase\nyucodebase\main.cpp(783): warning C4258: 'i' : definition from the for loop is ignored; the definition from the enclosing scope is used
                 d:\github\kt1235_game_programming\final project\nyucodebase\nyucodebase\main.cpp(742) : definition of 'i' ignored
                 d:\github\kt1235_game_programming\final project\nyucodebase\nyucodebase\main.cpp(597) : definition of 'i' used
     1>d:\github\kt1235_game_programming\final project\nyucodebase\nyucodebase\main.cpp(784): warning C4258: 'i' : definition from the for loop is ignored; the definition from the enclosing scope is used
                 d:\github\kt1235_game_programming\final project\nyucodebase\nyucodebase\main.cpp(742) : definition of 'i' ignored
                 d:\github\kt1235_game_programming\final project\nyucodebase\nyucodebase\main.cpp(597) : definition of 'i' used
     1>d:\github\kt1235_game_programming\final project\nyucodebase\nyucodebase\main.cpp(786): warning C4258: 'i' : definition from the for loop is ignored; the definition from the enclosing scope is used
                 d:\github\kt1235_game_programming\final project\nyucodebase\nyucodebase\main.cpp(742) : definition of 'i' ignored
                 d:\github\kt1235_game_programming\final project\nyucodebase\nyucodebase\main.cpp(597) : definition of 'i' used
     1>d:\github\kt1235_game_programming\final project\nyucodebase\nyucodebase\main.cpp(788): warning C4258: 'i' : definition from the for loop is ignored; the definition from the enclosing scope is used
                 d:\github\kt1235_game_programming\final project\nyucodebase\nyucodebase\main.cpp(742) : definition of 'i' ignored
                 d:\github\kt1235_game_programming\final project\nyucodebase\nyucodebase\main.cpp(597) : definition of 'i' used
     1>d:\github\kt1235_game_programming\final project\nyucodebase\nyucodebase\main.cpp(789): warning C4258: 'i' : definition from the for loop is ignored; the definition from the enclosing scope is used
                 d:\github\kt1235_game_programming\final project\nyucodebase\nyucodebase\main.cpp(742) : definition of 'i' ignored
                 d:\github\kt1235_game_programming\final project\nyucodebase\nyucodebase\main.cpp(597) : definition of 'i' used
     1>d:\github\kt1235_game_programming\final project\nyucodebase\nyucodebase\main.cpp(790): warning C4258: 'i' : definition from the for loop is ignored; the definition from the enclosing scope is used
                 d:\github\kt1235_game_programming\final project\nyucodebase\nyucodebase\main.cpp(742) : definition of 'i' ignored
                 d:\github\kt1235_game_programming\final project\nyucodebase\nyucodebase\main.cpp(597) : definition of 'i' used
     1>d:\github\kt1235_game_programming\final project\nyucodebase\nyucodebase\main.cpp(791): warning C4258: 'i' : definition from the for loop is ignored; the definition from the enclosing scope is used
                 d:\github\kt1235_game_programming\final project\nyucodebase\nyucodebase\main.cpp(742) : definition of 'i' ignored
                 d:\github\kt1235_game_programming\final project\nyucodebase\nyucodebase\main.cpp(597) : definition of 'i' used
     1>d:\github\kt1235_game_programming\final project\nyucodebase\nyucodebase\main.cpp(796): warning C4258: 'i' : definition from the for loop is ignored; the definition from the enclosing scope is used
                 d:\github\kt1235_game_programming\final project\nyucodebase\nyucodebase\main.cpp(742) : definition of 'i' ignored
                 d:\github\kt1235_game_programming\final project\nyucodebase\nyucodebase\main.cpp(597) : definition of 'i' used
     1>d:\github\kt1235_game_programming\final project\nyucodebase\nyucodebase\main.cpp(797): warning C4258: 'i' : definition from the for loop is ignored; the definition from the enclosing scope is used
                 d:\github\kt1235_game_programming\final project\nyucodebase\nyucodebase\main.cpp(742) : definition of 'i' ignored
                 d:\github\kt1235_game_programming\final project\nyucodebase\nyucodebase\main.cpp(597) : definition of 'i' used
     1>d:\github\kt1235_game_programming\final project\nyucodebase\nyucodebase\main.cpp(801): warning C4258: 'i' : definition from the for loop is ignored; the definition from the enclosing scope is used
                 d:\github\kt1235_game_programming\final project\nyucodebase\nyucodebase\main.cpp(742) : definition of 'i' ignored
                 d:\github\kt1235_game_programming\final project\nyucodebase\nyucodebase\main.cpp(597) : definition of 'i' used
     1>d:\github\kt1235_game_programming\final project\nyucodebase\nyucodebase\main.cpp(805): warning C4258: 'i' : definition from the for loop is ignored; the definition from the enclosing scope is used
                 d:\github\kt1235_game_programming\final project\nyucodebase\nyucodebase\main.cpp(742) : definition of 'i' ignored
                 d:\github\kt1235_game_programming\final project\nyucodebase\nyucodebase\main.cpp(597) : definition of 'i' used
     1>d:\github\kt1235_game_programming\final project\nyucodebase\nyucodebase\main.cpp(806): warning C4258: 'i' : definition from the for loop is ignored; the definition from the enclosing scope is used
                 d:\github\kt1235_game_programming\final project\nyucodebase\nyucodebase\main.cpp(742) : definition of 'i' ignored
                 d:\github\kt1235_game_programming\final project\nyucodebase\nyucodebase\main.cpp(597) : definition of 'i' used
     1>d:\github\kt1235_game_programming\final project\nyucodebase\nyucodebase\main.cpp(810): warning C4258: 'i' : definition from the for loop is ignored; the definition from the enclosing scope is used
                 d:\github\kt1235_game_programming\final project\nyucodebase\nyucodebase\main.cpp(742) : definition of 'i' ignored
                 d:\github\kt1235_game_programming\final project\nyucodebase\nyucodebase\main.cpp(597) : definition of 'i' used
         Entity.cpp
     1>d:\github\kt1235_game_programming\final project\nyucodebase\nyucodebase\entity.cpp(109): warning C4101: 'collidedLeft' : unreferenced local variable
     1>d:\github\kt1235_game_programming\final project\nyucodebase\nyucodebase\entity.cpp(109): warning C4101: 'collidedBottom' : unreferenced local variable
     1>d:\github\kt1235_game_programming\final project\nyucodebase\nyucodebase\entity.cpp(109): warning C4101: 'collidedTop' : unreferenced local variable
         Generating Code...
       Link:
         D:\Microsoft Visual Studio 2013\VC\bin\link.exe /ERRORREPORT:PROMPT /OUT:"D:\GitHub\kt1235_Game_programming\Final Project\NYUCodebase\Debug\NYUCodebase.exe" /INCREMENTAL /NOLOGO /LIBPATH:C:\SDL2_mixer\lib\x86 /LIBPATH:C:\SDL2\lib\x86 /LIBPATH:C:\SDL2_image\lib\x86 /LIBPATH:C:\glew\lib\Release\Win32 SDL2.lib SDL2_mixer.lib glew32.lib SDL2main.lib SDL2_image.lib OpenGL32.lib /MANIFEST /MANIFESTUAC:"level='asInvoker' uiAccess='false'" /manifest:embed /DEBUG /PDB:"D:\GitHub\kt1235_Game_programming\Final Project\NYUCodebase\Debug\NYUCodebase.pdb" /SUBSYSTEM:WINDOWS /TLBID:1 /DYNAMICBASE /NXCOMPAT /IMPLIB:"D:\GitHub\kt1235_Game_programming\Final Project\NYUCodebase\Debug\NYUCodebase.lib" /MACHINE:X86 Debug\Entity.obj
         Debug\main.obj
         Debug\Matrix.obj
         Debug\ShaderProgram.obj
         Debug\SheetSprite.obj
         Debug\Vector.obj
     1>MSVCRTD.lib(cinitexe.obj) : warning LNK4098: defaultlib 'msvcrt.lib' conflicts with use of other libs; use /NODEFAULTLIB:library
         NYUCodebase.vcxproj -> D:\GitHub\kt1235_Game_programming\Final Project\NYUCodebase\Debug\NYUCodebase.exe
     1>Done Building Project "D:\GitHub\kt1235_Game_programming\Final Project\NYUCodebase\NYUCodebase\NYUCodebase.vcxproj" (Build target(s)).

Build succeeded.

Time Elapsed 00:00:03.07
